#
# A fatal error has been detected by the Java Runtime Environment:
#
#  EXCEPTION_STACK_OVERFLOW (0xc00000fd) at pc=0x000000006b975077, pid=37776, tid=0x0000000000162f4c
#
# JRE version: Java(TM) SE Runtime Environment (8.0_241-b07) (build 1.8.0_241-b07)
# Java VM: Java HotSpot(TM) 64-Bit Server VM (25.241-b07 mixed mode windows-amd64 compressed oops)
# Problematic frame:
# V  [jvm.dll+0x215077]
#
# Failed to write core dump. Minidumps are not enabled by default on client versions of Windows
#
# If you would like to submit a bug report, please visit:
#   http://bugreport.java.com/bugreport/crash.jsp
#

---------------  T H R E A D  ---------------

Current thread (0x0000002821f4d000):  JavaThread "Thread-152825" [_thread_in_vm, id=1453900, stack(0x0000002889000000,0x0000002889100000)]

siginfo: ExceptionCode=0xc00000fd, ExceptionInformation=0x0000000000000001 0x00000028890fa3e0 

Registers:
RAX=0x00000028890fa3e0, RBX=0x0000000000000006, RCX=0x0000000000005000, RDX=0x0000000000000006
RSP=0x00000028890ff3e0, RBP=0x0000000000000000, RSI=0x00000028890ff3e0, RDI=0x0000000000000006
R8 =0x0000000000000006, R9 =0x00000027374741d0, R10=0x00000000259ae2f0, R11=0x000000288900a148
R12=0x00000027374741d0, R13=0x0000002821f4d000, R14=0x00000028890ff4a8, R15=0x00000000259ae2f0
RIP=0x000000006b975077, EFLAGS=0x0000000000010202

Top of Stack: (sp=0x00000028890ff3e0)
0x00000028890ff3e0:   0000a2f983c1cb70 00000007c0006c48
0x00000028890ff3f0:   0000002821f4d000 00000027374741d0
0x00000028890ff400:   00000000ffffffff 000000006b975fa7
0x00000028890ff410:   00000028890ff510 00000000259ae2f0
0x00000028890ff420:   0000002821f4d000 000000006b8210e3
0x00000028890ff430:   00000028890ff470 0000002821f4d000
0x00000028890ff440:   00000028890ff500 0000002821f4d000
0x00000028890ff450:   00000000259ae2f0 0000002821f4d000
0x00000028890ff460:   0000000003156e60 0000002821f4d000
0x00000028890ff470:   00000000259ae2f0 0000002821f4d000
0x00000028890ff480:   00000000259ae2f0 0000002821f4d000
0x00000028890ff490:   0000000000000001 00000000259ae2f0
0x00000028890ff4a0:   0000002821f4d000 00000028218dc290
0x00000028890ff4b0:   0000002821f4d000 000000006b82284d
0x00000028890ff4c0:   00000028890ff7c8 00000007c0006c48
0x00000028890ff4d0:   00000007c0006c48 0000000000914000 

Instructions: (pc=0x000000006b975077)
0x000000006b975057:   48 89 6c 24 30 33 ed 66 90 e8 3b 5c 08 00 ff c3
0x000000006b975067:   48 63 c8 48 8b c6 48 0f af cf 48 ff c7 48 2b c1
0x000000006b975077:   89 28 48 63 c3 48 3b 05 25 08 5a 00 7e db 48 8b
0x000000006b975087:   6c 24 30 48 8b 5c 24 38 48 8b 74 24 40 48 83 c4 


Register to memory mapping:

RAX=0x00000028890fa3e0 is pointing into the stack for thread: 0x0000002821f4d000
RBX=0x0000000000000006 is an unknown value
RCX=0x0000000000005000 is an unknown value
RDX=0x0000000000000006 is an unknown value
RSP=0x00000028890ff3e0 is pointing into the stack for thread: 0x0000002821f4d000
RBP=0x0000000000000000 is an unknown value
RSI=0x00000028890ff3e0 is pointing into the stack for thread: 0x0000002821f4d000
RDI=0x0000000000000006 is an unknown value
R8 =0x0000000000000006 is an unknown value
R9 =0x00000027374741d0 is an unknown value
R10={method} {0x00000000259ae2f8} 'run' '()V' in 'java/lang/Thread'
R11=0x000000288900a148 is pointing into the stack for thread: 0x0000002821f4d000
R12=0x00000027374741d0 is an unknown value
R13=0x0000002821f4d000 is a thread
R14=0x00000028890ff4a8 is pointing into the stack for thread: 0x0000002821f4d000
R15={method} {0x00000000259ae2f8} 'run' '()V' in 'java/lang/Thread'


Stack: [0x0000002889000000,0x0000002889100000],  sp=0x00000028890ff3e0,  free space=1020k
Native frames: (J=compiled Java code, j=interpreted, Vv=VM code, C=native code)


---------------  P R O C E S S  ---------------

Java Threads: ( => current thread )
  0x000000284fa88800 JavaThread "Thread-153298" [_thread_new, id=1455788, stack(0x0000000000000000,0x0000000000000000)]
  0x000000284fa87000 JavaThread "Thread-153297" [_thread_new, id=1455784, stack(0x0000000000000000,0x0000000000000000)]
  0x000000284fa7f800 JavaThread "Thread-153296" [_thread_new, id=1455780, stack(0x0000000000000000,0x0000000000000000)]
  0x000000284fa86000 JavaThread "Thread-153295" [_thread_new, id=1455776, stack(0x0000000000000000,0x0000000000000000)]
  0x000000284fa7e800 JavaThread "Thread-153294" [_thread_new, id=1455772, stack(0x0000000000000000,0x0000000000000000)]
  0x000000284fa85800 JavaThread "Thread-153293" [_thread_new, id=1455768, stack(0x0000000000000000,0x0000000000000000)]
  0x000000284fa84800 JavaThread "Thread-153292" [_thread_new, id=1455764, stack(0x0000000000000000,0x0000000000000000)]
  0x000000284fa84000 JavaThread "Thread-153291" [_thread_new, id=1455760, stack(0x0000000000000000,0x0000000000000000)]
  0x000000284fa7e000 JavaThread "Thread-153290" [_thread_new, id=1455756, stack(0x0000000000000000,0x0000000000000000)]
  0x000000284fa81000 JavaThread "Thread-153289" [_thread_new, id=1455752, stack(0x0000000000000000,0x0000000000000000)]
  0x000000284fa83000 JavaThread "Thread-153288" [_thread_new, id=1455748, stack(0x0000000000000000,0x0000000000000000)]
  0x000000284fa80000 JavaThread "Thread-153287" [_thread_new, id=1455744, stack(0x0000000000000000,0x0000000000000000)]
  0x000000284fa7c800 JavaThread "Thread-153286" [_thread_new, id=1455740, stack(0x0000000000000000,0x0000000000000000)]
  0x000000284fa82800 JavaThread "Thread-153285" [_thread_new, id=1455736, stack(0x0000000000000000,0x0000000000000000)]
  0x000000284fa7b800 JavaThread "Thread-153284" [_thread_new, id=1455732, stack(0x0000000000000000,0x0000000000000000)]
  0x000000284fa81800 JavaThread "Thread-153283" [_thread_new, id=1455728, stack(0x0000000000000000,0x0000000000000000)]
  0x000000284fa7d000 JavaThread "Thread-153282" [_thread_new, id=1455724, stack(0x0000000000000000,0x0000000000000000)]
  0x000000284fa78800 JavaThread "Thread-153281" [_thread_new, id=1455720, stack(0x0000000000000000,0x0000000000000000)]
  0x000000284fa78000 JavaThread "Thread-153280" [_thread_new, id=1455716, stack(0x0000000000000000,0x0000000000000000)]
  0x000000284fa7a000 JavaThread "Thread-153279" [_thread_new, id=1455712, stack(0x0000000000000000,0x0000000000000000)]
  0x000000284fa77000 JavaThread "Thread-153278" [_thread_new, id=1455708, stack(0x0000000000000000,0x0000000000000000)]
  0x000000284fa76000 JavaThread "Thread-153277" [_thread_new, id=1455704, stack(0x0000000000000000,0x0000000000000000)]
  0x000000284fa79800 JavaThread "Thread-153276" [_thread_new, id=1455700, stack(0x0000000000000000,0x0000000000000000)]
  0x000000284fa7b000 JavaThread "Thread-153275" [_thread_new, id=1455696, stack(0x0000000000000000,0x0000000000000000)]
  0x000000284fa6e800 JavaThread "Thread-153274" [_thread_new, id=1455692, stack(0x0000000000000000,0x0000000000000000)]
  0x000000284fa75800 JavaThread "Thread-153273" [_thread_new, id=1455688, stack(0x0000000000000000,0x0000000000000000)]
  0x000000284fa6f800 JavaThread "Thread-153272" [_thread_new, id=1455684, stack(0x0000000000000000,0x0000000000000000)]
  0x000000284fa74000 JavaThread "Thread-153271" [_thread_new, id=1455680, stack(0x0000000000000000,0x0000000000000000)]
  0x000000284fa74800 JavaThread "Thread-153270" [_thread_new, id=1455676, stack(0x0000000000000000,0x0000000000000000)]
  0x000000284fa6c800 JavaThread "Thread-153269" [_thread_new, id=1455672, stack(0x0000000000000000,0x0000000000000000)]
  0x000000284fa71000 JavaThread "Thread-153268" [_thread_new, id=1455668, stack(0x0000000000000000,0x0000000000000000)]
  0x000000284fa73000 JavaThread "Thread-153267" [_thread_new, id=1455664, stack(0x0000000000000000,0x0000000000000000)]
  0x000000284fa6b800 JavaThread "Thread-153266" [_thread_new, id=1455660, stack(0x0000000000000000,0x0000000000000000)]
  0x000000284fa72800 JavaThread "Thread-153265" [_thread_new, id=1455656, stack(0x0000000000000000,0x0000000000000000)]
  0x000000284fa6d000 JavaThread "Thread-153264" [_thread_new, id=1455652, stack(0x0000000000000000,0x0000000000000000)]
  0x000000284fa70000 JavaThread "Thread-153263" [_thread_new, id=1455648, stack(0x0000000000000000,0x0000000000000000)]
  0x000000284fa6b000 JavaThread "Thread-153262" [_thread_new, id=1455644, stack(0x0000000000000000,0x0000000000000000)]
  0x000000284fa71800 JavaThread "Thread-153261" [_thread_new, id=1455640, stack(0x0000000000000000,0x0000000000000000)]
  0x000000284fa6e000 JavaThread "Thread-153260" [_thread_new, id=1455636, stack(0x0000000000000000,0x0000000000000000)]
  0x000000284fa63800 JavaThread "Thread-153259" [_thread_new, id=1455632, stack(0x0000000000000000,0x0000000000000000)]
  0x000000284fa6a000 JavaThread "Thread-153258" [_thread_new, id=1455628, stack(0x0000000000000000,0x0000000000000000)]
  0x000000284fa69800 JavaThread "Thread-153257" [_thread_new, id=1455624, stack(0x0000000000000000,0x0000000000000000)]
  0x000000284fa62000 JavaThread "Thread-153256" [_thread_new, id=1455620, stack(0x0000000000000000,0x0000000000000000)]
  0x000000284fa68800 JavaThread "Thread-153255" [_thread_new, id=1455616, stack(0x0000000000000000,0x0000000000000000)]
  0x000000284fa68000 JavaThread "Thread-153254" [_thread_new, id=1455612, stack(0x0000000000000000,0x0000000000000000)]
  0x000000284fa60800 JavaThread "Thread-153253" [_thread_new, id=1455608, stack(0x0000000000000000,0x0000000000000000)]
  0x000000284fa65000 JavaThread "Thread-153252" [_thread_new, id=1455604, stack(0x0000000000000000,0x0000000000000000)]
  0x000000284fa67000 JavaThread "Thread-153251" [_thread_new, id=1455600, stack(0x0000000000000000,0x0000000000000000)]
  0x000000284fa64000 JavaThread "Thread-153250" [_thread_new, id=1455596, stack(0x0000000000000000,0x0000000000000000)]
  0x000000284fa66800 JavaThread "Thread-153249" [_thread_new, id=1455592, stack(0x0000000000000000,0x0000000000000000)]
  0x000000284fa5f800 JavaThread "Thread-153248" [_thread_new, id=1455588, stack(0x0000000000000000,0x0000000000000000)]
  0x000000284fa65800 JavaThread "Thread-153247" [_thread_new, id=1455584, stack(0x0000000000000000,0x0000000000000000)]
  0x000000284fa5c000 JavaThread "Thread-153246" [_thread_new, id=1455580, stack(0x0000000000000000,0x0000000000000000)]
  0x000000284fa5d800 JavaThread "Thread-153245" [_thread_new, id=1455576, stack(0x0000000000000000,0x0000000000000000)]
  0x000000284fa5f000 JavaThread "Thread-153244" [_thread_new, id=1455572, stack(0x0000000000000000,0x0000000000000000)]
  0x000000284fa61000 JavaThread "Thread-153243" [_thread_new, id=1455568, stack(0x0000000000000000,0x0000000000000000)]
  0x000000284fa62800 JavaThread "Thread-153242" [_thread_new, id=1455564, stack(0x0000000000000000,0x0000000000000000)]
  0x000000284fa5e000 JavaThread "Thread-153241" [_thread_new, id=1455560, stack(0x0000000000000000,0x0000000000000000)]
  0x000000284fa56800 JavaThread "Thread-153240" [_thread_new, id=1455556, stack(0x0000000000000000,0x0000000000000000)]
  0x000000284fa58000 JavaThread "Thread-153239" [_thread_new, id=1455552, stack(0x0000000000000000,0x0000000000000000)]
  0x000000284fa5c800 JavaThread "Thread-153238" [_thread_new, id=1455548, stack(0x0000000000000000,0x0000000000000000)]
  0x000000284fa5b000 JavaThread "Thread-153237" [_thread_new, id=1455544, stack(0x0000000000000000,0x0000000000000000)]
  0x000000284fa5a800 JavaThread "Thread-153236" [_thread_new, id=1455540, stack(0x0000000000000000,0x0000000000000000)]
  0x000000284fa57800 JavaThread "Thread-153235" [_thread_new, id=1455536, stack(0x0000000000000000,0x0000000000000000)]
  0x000000284fa59000 JavaThread "Thread-153234" [_thread_new, id=1455532, stack(0x0000000000000000,0x0000000000000000)]
  0x000000284fa59800 JavaThread "Thread-153233" [_thread_new, id=1455528, stack(0x0000000000000000,0x0000000000000000)]
  0x000000284fa4f000 JavaThread "Thread-153232" [_thread_new, id=1455524, stack(0x0000000000000000,0x0000000000000000)]
  0x000000284fa56000 JavaThread "Thread-153231" [_thread_new, id=1455520, stack(0x0000000000000000,0x0000000000000000)]
  0x000000284fa4e800 JavaThread "Thread-153230" [_thread_new, id=1455516, stack(0x0000000000000000,0x0000000000000000)]
  0x000000284fa55000 JavaThread "Thread-153229" [_thread_new, id=1455512, stack(0x0000000000000000,0x0000000000000000)]
  0x000000284fa54800 JavaThread "Thread-153228" [_thread_new, id=1455508, stack(0x0000000000000000,0x0000000000000000)]
  0x000000284fa53800 JavaThread "Thread-153227" [_thread_new, id=1455504, stack(0x0000000000000000,0x0000000000000000)]
  0x000000284fa53000 JavaThread "Thread-153226" [_thread_new, id=1455500, stack(0x0000000000000000,0x0000000000000000)]
  0x000000284fa4d000 JavaThread "Thread-153225" [_thread_new, id=1455496, stack(0x0000000000000000,0x0000000000000000)]
  0x000000284fa4b800 JavaThread "Thread-153224" [_thread_new, id=1455492, stack(0x0000000000000000,0x0000000000000000)]
  0x000000284fa52000 JavaThread "Thread-153223" [_thread_new, id=1455488, stack(0x0000000000000000,0x0000000000000000)]
  0x000000284fa51800 JavaThread "Thread-153222" [_thread_new, id=1455484, stack(0x0000000000000000,0x0000000000000000)]
  0x000000284fa50000 JavaThread "Thread-153221" [_thread_blocked, id=1455476, stack(0x00000028a1e00000,0x00000028a1f00000)]
  0x000000284fa4d800 JavaThread "Thread-153220" [_thread_blocked, id=1455472, stack(0x00000028a1d00000,0x00000028a1e00000)]
  0x000000284fa4c000 JavaThread "Thread-153219" [_thread_blocked, id=1455468, stack(0x00000028a1c00000,0x00000028a1d00000)]
  0x000000284fa50800 JavaThread "Thread-153218" [_thread_new, id=1455464, stack(0x0000000000000000,0x0000000000000000)]
  0x000000284f9f7000 JavaThread "Thread-153217" [_thread_new, id=1455460, stack(0x0000000000000000,0x0000000000000000)]
  0x000000284f9f6000 JavaThread "Thread-153216" [_thread_blocked, id=1455456, stack(0x00000028a1900000,0x00000028a1a00000)]
  0x000000284f9f4800 JavaThread "Thread-153215" [_thread_in_vm, id=1455452, stack(0x00000028a1800000,0x00000028a1900000)]
  0x000000284f9f5800 JavaThread "Thread-153214" [_thread_blocked, id=1455448, stack(0x00000028a1700000,0x00000028a1800000)]
  0x000000284f9ed000 JavaThread "Thread-153213" [_thread_blocked, id=1455444, stack(0x00000028a1600000,0x00000028a1700000)]
  0x000000284f9ee800 JavaThread "Thread-153212" [_thread_new, id=1455440, stack(0x0000000000000000,0x0000000000000000)]
  0x000000284f9f4000 JavaThread "Thread-153211" [_thread_new, id=1455436, stack(0x0000000000000000,0x0000000000000000)]
  0x000000284f9f3000 JavaThread "Thread-153210" [_thread_blocked, id=1455432, stack(0x00000028a1300000,0x00000028a1400000)]
  0x000000284f9ed800 JavaThread "Thread-153209" [_thread_blocked, id=1455428, stack(0x00000028a1200000,0x00000028a1300000)]
  0x000000284f9eb800 JavaThread "Thread-153208" [_thread_blocked, id=1455424, stack(0x00000028a1100000,0x00000028a1200000)]
  0x000000284f9f2000 JavaThread "Thread-153207" [_thread_blocked, id=1455420, stack(0x00000028a1000000,0x00000028a1100000)]
  0x000000284f9ef000 JavaThread "Thread-153206" [_thread_new, id=1455416, stack(0x0000000000000000,0x0000000000000000)]
  0x000000284f9ec000 JavaThread "Thread-153205" [_thread_new, id=1455412, stack(0x0000000000000000,0x0000000000000000)]
  0x000000284f9f1800 JavaThread "Thread-153204" [_thread_blocked, id=1455408, stack(0x00000028a0d00000,0x00000028a0e00000)]
  0x000000284f9f0800 JavaThread "Thread-153203" [_thread_blocked, id=1455404, stack(0x00000028a0c00000,0x00000028a0d00000)]
  0x000000284f9f0000 JavaThread "Thread-153202" [_thread_blocked, id=1455400, stack(0x00000028a0b00000,0x00000028a0c00000)]
  0x000000284f9ea800 JavaThread "Thread-153201" [_thread_blocked, id=1455396, stack(0x00000028a0a00000,0x00000028a0b00000)]
  0x000000284f9e5800 JavaThread "Thread-153200" [_thread_new, id=1455392, stack(0x0000000000000000,0x0000000000000000)]
  0x000000284f9e8800 JavaThread "Thread-153199" [_thread_new, id=1455388, stack(0x0000000000000000,0x0000000000000000)]
  0x000000284f9e3000 JavaThread "Thread-153198" [_thread_blocked, id=1455384, stack(0x00000028a0700000,0x00000028a0800000)]
  0x000000284f9ea000 JavaThread "Thread-153197" [_thread_blocked, id=1455380, stack(0x00000028a0600000,0x00000028a0700000)]
  0x000000284f9e9000 JavaThread "Thread-153196" [_thread_blocked, id=1455376, stack(0x00000028a0500000,0x00000028a0600000)]
  0x000000284f9e6000 JavaThread "Thread-153195" [_thread_in_vm, id=1455372, stack(0x00000028a0400000,0x00000028a0500000)]
  0x000000284f9e4000 JavaThread "Thread-153194" [_thread_new, id=1455368, stack(0x0000000000000000,0x0000000000000000)]
  0x000000284f9e7800 JavaThread "Thread-153193" [_thread_new, id=1455364, stack(0x0000000000000000,0x0000000000000000)]
  0x000000284f9e7000 JavaThread "Thread-153192" [_thread_blocked, id=1455360, stack(0x00000028a0100000,0x00000028a0200000)]
  0x000000284f9e4800 JavaThread "Thread-153191" [_thread_blocked, id=1455356, stack(0x00000028a0000000,0x00000028a0100000)]
  0x000000284f9db800 JavaThread "Thread-153190" [_thread_blocked, id=1455352, stack(0x000000289ff00000,0x00000028a0000000)]
  0x000000284f9e2800 JavaThread "Thread-153189" [_thread_blocked, id=1455348, stack(0x000000289fe00000,0x000000289ff00000)]
  0x000000284f9e1000 JavaThread "Thread-153188" [_thread_new, id=1455344, stack(0x0000000000000000,0x0000000000000000)]
  0x000000284f9dd000 JavaThread "Thread-153187" [_thread_new, id=1455340, stack(0x0000000000000000,0x0000000000000000)]
  0x000000284f9e0000 JavaThread "Thread-153186" [_thread_blocked, id=1455336, stack(0x000000289fb00000,0x000000289fc00000)]
  0x000000284f9df800 JavaThread "Thread-153185" [_thread_blocked, id=1455332, stack(0x000000289fa00000,0x000000289fb00000)]
  0x000000284f9dc800 JavaThread "Thread-153184" [_thread_blocked, id=1455328, stack(0x000000289f900000,0x000000289fa00000)]
  0x000000284f9de800 JavaThread "Thread-153183" [_thread_blocked, id=1455324, stack(0x000000289f800000,0x000000289f900000)]
  0x000000284f9e1800 JavaThread "Thread-153182" [_thread_in_vm, id=1455320, stack(0x000000289f700000,0x000000289f800000)]
  0x000000284f9de000 JavaThread "Thread-153181" [_thread_in_vm, id=1455316, stack(0x000000289f600000,0x000000289f700000)]
  0x000000284f9d5000 JavaThread "Thread-153180" [_thread_blocked, id=1455312, stack(0x000000289f500000,0x000000289f600000)]
  0x000000284f9d4000 JavaThread "Thread-153179" [_thread_blocked, id=1455308, stack(0x000000289f400000,0x000000289f500000)]
  0x000000284f9db000 JavaThread "Thread-153178" [_thread_blocked, id=1455304, stack(0x000000289f300000,0x000000289f400000)]
  0x000000284f9d3800 JavaThread "Thread-153177" [_thread_blocked, id=1455300, stack(0x000000289f200000,0x000000289f300000)]
  0x000000284f9da000 JavaThread "Thread-153176" [_thread_in_vm, id=1455296, stack(0x000000289f100000,0x000000289f200000)]
  0x000000284f9d7000 JavaThread "Thread-153175" [_thread_blocked, id=1455292, stack(0x000000289f000000,0x000000289f100000)]
  0x000000284f9d9800 JavaThread "Thread-153174" [_thread_blocked, id=1455288, stack(0x000000289ef00000,0x000000289f000000)]
  0x000000284f9d8000 JavaThread "Thread-153173" [_thread_blocked, id=1455284, stack(0x000000289ee00000,0x000000289ef00000)]
  0x000000284f9d8800 JavaThread "Thread-153172" [_thread_blocked, id=1455280, stack(0x000000289ed00000,0x000000289ee00000)]
  0x000000284f9d5800 JavaThread "Thread-153171" [_thread_blocked, id=1455276, stack(0x000000289ec00000,0x000000289ed00000)]
  0x000000284f9d6800 JavaThread "Thread-153170" [_thread_blocked, id=1455272, stack(0x000000289eb00000,0x000000289ec00000)]
  0x000000284f9cc000 JavaThread "Thread-153169" [_thread_blocked, id=1455268, stack(0x000000289ea00000,0x000000289eb00000)]
  0x000000284f9d2800 JavaThread "Thread-153168" [_thread_blocked, id=1455264, stack(0x000000289e900000,0x000000289ea00000)]
  0x000000284f9cb000 JavaThread "Thread-153167" [_thread_blocked, id=1455260, stack(0x000000289e800000,0x000000289e900000)]
  0x000000284f9d2000 JavaThread "Thread-153166" [_thread_blocked, id=1455256, stack(0x000000289e700000,0x000000289e800000)]
  0x000000284f9d1000 JavaThread "Thread-153165" [_thread_blocked, id=1455252, stack(0x000000289e600000,0x000000289e700000)]
  0x000000284f9d0800 JavaThread "Thread-153164" [_thread_blocked, id=1455248, stack(0x000000289e500000,0x000000289e600000)]
  0x000000284f9c9000 JavaThread "Thread-153163" [_thread_blocked, id=1455244, stack(0x000000289e400000,0x000000289e500000)]
  0x000000284f9cf800 JavaThread "Thread-153162" [_thread_blocked, id=1455240, stack(0x000000289e300000,0x000000289e400000)]
  0x000000284f9c8000 JavaThread "Thread-153161" [_thread_blocked, id=1455236, stack(0x000000289e200000,0x000000289e300000)]
  0x000000284f9cf000 JavaThread "Thread-153160" [_thread_blocked, id=1455232, stack(0x000000289e100000,0x000000289e200000)]
  0x000000284f9cd800 JavaThread "Thread-153159" [_thread_blocked, id=1455228, stack(0x000000289e000000,0x000000289e100000)]
  0x000000284f9ca800 JavaThread "Thread-153158" [_thread_blocked, id=1455224, stack(0x000000289df00000,0x000000289e000000)]
  0x000000284f9cc800 JavaThread "Thread-153157" [_thread_blocked, id=1455220, stack(0x000000289de00000,0x000000289df00000)]
  0x000000284f9c9800 JavaThread "Thread-153156" [_thread_blocked, id=1455216, stack(0x000000289dd00000,0x000000289de00000)]
  0x000000284f9c7800 JavaThread "Thread-153155" [_thread_blocked, id=1455212, stack(0x000000289dc00000,0x000000289dd00000)]
  0x000000284f9ce000 JavaThread "Thread-153154" [_thread_blocked, id=1455208, stack(0x000000289db00000,0x000000289dc00000)]
  0x000000284fa06800 JavaThread "Thread-153153" [_thread_blocked, id=1455204, stack(0x000000289da00000,0x000000289db00000)]
  0x000000284fa06000 JavaThread "Thread-153152" [_thread_blocked, id=1455200, stack(0x000000289d900000,0x000000289da00000)]
  0x000000284fa05000 JavaThread "Thread-153151" [_thread_blocked, id=1455196, stack(0x000000289d800000,0x000000289d900000)]
  0x000000284fa04800 JavaThread "Thread-153150" [_thread_blocked, id=1455192, stack(0x000000289d700000,0x000000289d800000)]
  0x000000284fa07800 JavaThread "Thread-153149" [_thread_blocked, id=1455188, stack(0x000000289d600000,0x000000289d700000)]
  0x000000284f9fd000 JavaThread "Thread-153148" [_thread_blocked, id=1455184, stack(0x000000289d500000,0x000000289d600000)]
  0x000000284fa03800 JavaThread "Thread-153147" [_thread_blocked, id=1455180, stack(0x000000289d400000,0x000000289d500000)]
  0x000000284fa03000 JavaThread "Thread-153146" [_thread_blocked, id=1455176, stack(0x000000289d300000,0x000000289d400000)]
  0x000000284fa02000 JavaThread "Thread-153145" [_thread_blocked, id=1455172, stack(0x000000289d200000,0x000000289d300000)]
  0x000000284fa01800 JavaThread "Thread-153144" [_thread_blocked, id=1455168, stack(0x000000289d100000,0x000000289d200000)]
  0x000000284f9fa000 JavaThread "Thread-153143" [_thread_blocked, id=1455164, stack(0x000000289d000000,0x000000289d100000)]
  0x000000284f9fc000 JavaThread "Thread-153142" [_thread_blocked, id=1455160, stack(0x000000289cf00000,0x000000289d000000)]
  0x000000284f9fb800 JavaThread "Thread-153141" [_thread_blocked, id=1455156, stack(0x000000289ce00000,0x000000289cf00000)]
  0x000000284fa00800 JavaThread "Thread-153140" [_thread_blocked, id=1455152, stack(0x000000289cd00000,0x000000289ce00000)]
  0x000000284fa00000 JavaThread "Thread-153139" [_thread_blocked, id=1455148, stack(0x000000289cc00000,0x000000289cd00000)]
  0x000000284f9f9000 JavaThread "Thread-153138" [_thread_blocked, id=1455144, stack(0x000000289cb00000,0x000000289cc00000)]
  0x000000284f9ff000 JavaThread "Thread-153137" [_thread_blocked, id=1455140, stack(0x000000289ca00000,0x000000289cb00000)]
  0x000000284f9fe800 JavaThread "Thread-153136" [_thread_blocked, id=1455136, stack(0x000000289c900000,0x000000289ca00000)]
  0x000000284f9f8800 JavaThread "Thread-153135" [_thread_blocked, id=1455132, stack(0x000000289c800000,0x000000289c900000)]
  0x000000284f9f7800 JavaThread "Thread-153134" [_thread_blocked, id=1455128, stack(0x000000289c700000,0x000000289c800000)]
  0x000000284f9fa800 JavaThread "Thread-153133" [_thread_blocked, id=1455124, stack(0x000000289c600000,0x000000289c700000)]
  0x000000284f9fd800 JavaThread "Thread-153132" [_thread_blocked, id=1455120, stack(0x000000289c500000,0x000000289c600000)]
  0x0000002822228800 JavaThread "Thread-153131" [_thread_blocked, id=1455116, stack(0x000000289c400000,0x000000289c500000)]
  0x0000002822221000 JavaThread "Thread-153130" [_thread_blocked, id=1455112, stack(0x000000289c300000,0x000000289c400000)]
  0x0000002822227800 JavaThread "Thread-153129" [_thread_blocked, id=1455108, stack(0x000000289c200000,0x000000289c300000)]
  0x0000002822227000 JavaThread "Thread-153128" [_thread_blocked, id=1454324, stack(0x000000289c100000,0x000000289c200000)]
  0x0000002822226000 JavaThread "Thread-153127" [_thread_blocked, id=1455100, stack(0x000000289c000000,0x000000289c100000)]
  0x0000002822225800 JavaThread "Thread-153126" [_thread_blocked, id=1455096, stack(0x000000289bf00000,0x000000289c000000)]
  0x0000002822224800 JavaThread "Thread-153125" [_thread_blocked, id=1455092, stack(0x000000289be00000,0x000000289bf00000)]
  0x0000002822224000 JavaThread "Thread-153124" [_thread_blocked, id=1455088, stack(0x000000289bd00000,0x000000289be00000)]
  0x0000002822222800 JavaThread "Thread-153123" [_thread_blocked, id=1455084, stack(0x000000289bc00000,0x000000289bd00000)]
  0x0000002822223000 JavaThread "Thread-153122" [_thread_blocked, id=1455080, stack(0x000000289bb00000,0x000000289bc00000)]
  0x000000282221b800 JavaThread "Thread-153121" [_thread_blocked, id=1455076, stack(0x000000289ba00000,0x000000289bb00000)]
  0x000000282221c800 JavaThread "Thread-153120" [_thread_blocked, id=1455072, stack(0x000000289b900000,0x000000289ba00000)]
  0x0000002822221800 JavaThread "Thread-153119" [_thread_blocked, id=1455068, stack(0x000000289b800000,0x000000289b900000)]
  0x0000002822220000 JavaThread "Thread-153118" [_thread_blocked, id=1455064, stack(0x000000289b700000,0x000000289b800000)]
  0x0000002822218800 JavaThread "Thread-153117" [_thread_blocked, id=1455060, stack(0x000000289b600000,0x000000289b700000)]
  0x0000002822219800 JavaThread "Thread-153116" [_thread_blocked, id=1455056, stack(0x000000289b500000,0x000000289b600000)]
  0x000000282221f800 JavaThread "Thread-153115" [_thread_blocked, id=1455052, stack(0x000000289b400000,0x000000289b500000)]
  0x000000282221e800 JavaThread "Thread-153114" [_thread_blocked, id=1455048, stack(0x000000289b300000,0x000000289b400000)]
  0x000000282221e000 JavaThread "Thread-153113" [_thread_blocked, id=1455044, stack(0x000000289b200000,0x000000289b300000)]
  0x000000282221b000 JavaThread "Thread-153112" [_thread_blocked, id=1455040, stack(0x000000289b100000,0x000000289b200000)]
  0x000000282221d000 JavaThread "Thread-153111" [_thread_blocked, id=1455036, stack(0x000000289b000000,0x000000289b100000)]
  0x000000282221a000 JavaThread "Thread-153110" [_thread_blocked, id=1455032, stack(0x000000289af00000,0x000000289b000000)]
  0x0000002822218000 JavaThread "Thread-153109" [_thread_blocked, id=1455028, stack(0x000000289ae00000,0x000000289af00000)]
  0x0000002822217000 JavaThread "Thread-153108" [_thread_blocked, id=1455024, stack(0x000000289ad00000,0x000000289ae00000)]
  0x0000002822216800 JavaThread "Thread-153107" [_thread_blocked, id=1455020, stack(0x000000289ac00000,0x000000289ad00000)]
  0x000000282220e800 JavaThread "Thread-153106" [_thread_blocked, id=1455016, stack(0x000000289ab00000,0x000000289ac00000)]
  0x0000002822215800 JavaThread "Thread-153105" [_thread_blocked, id=1455012, stack(0x000000289aa00000,0x000000289ab00000)]
  0x0000002822212800 JavaThread "Thread-153104" [_thread_blocked, id=1455008, stack(0x000000289a900000,0x000000289aa00000)]
  0x0000002822211000 JavaThread "Thread-153103" [_thread_blocked, id=1455004, stack(0x000000289a800000,0x000000289a900000)]
  0x0000002822210000 JavaThread "Thread-153102" [_thread_blocked, id=1455000, stack(0x000000289a700000,0x000000289a800000)]
  0x000000282220f800 JavaThread "Thread-153101" [_thread_blocked, id=1454996, stack(0x000000289a600000,0x000000289a700000)]
  0x0000002822213000 JavaThread "Thread-153100" [_thread_blocked, id=1454992, stack(0x000000289a500000,0x000000289a600000)]
  0x0000002822215000 JavaThread "Thread-153099" [_thread_blocked, id=1454988, stack(0x000000289a400000,0x000000289a500000)]
  0x000000282220e000 JavaThread "Thread-153098" [_thread_blocked, id=1454984, stack(0x000000289a300000,0x000000289a400000)]
  0x0000002822211800 JavaThread "Thread-153097" [_thread_blocked, id=1454980, stack(0x000000289a200000,0x000000289a300000)]
  0x0000002822214000 JavaThread "Thread-153096" [_thread_blocked, id=1454976, stack(0x000000289a100000,0x000000289a200000)]
  0x0000002822206800 JavaThread "Thread-153095" [_thread_blocked, id=1454972, stack(0x000000289a000000,0x000000289a100000)]
  0x000000282220d000 JavaThread "Thread-153094" [_thread_blocked, id=1454968, stack(0x0000002899f00000,0x000000289a000000)]
  0x0000002822208000 JavaThread "Thread-153093" [_thread_blocked, id=1454964, stack(0x0000002899e00000,0x0000002899f00000)]
  0x000000282220a000 JavaThread "Thread-153092" [_thread_blocked, id=1454960, stack(0x0000002899d00000,0x0000002899e00000)]
  0x0000002822209800 JavaThread "Thread-153091" [_thread_blocked, id=1454956, stack(0x0000002899c00000,0x0000002899d00000)]
  0x0000002822205800 JavaThread "Thread-153090" [_thread_blocked, id=1454952, stack(0x0000002899b00000,0x0000002899c00000)]
  0x0000002822208800 JavaThread "Thread-153089" [_thread_blocked, id=1454948, stack(0x0000002899a00000,0x0000002899b00000)]
  0x000000282220c800 JavaThread "Thread-153088" [_thread_blocked, id=1454944, stack(0x0000002899900000,0x0000002899a00000)]
  0x0000002822205000 JavaThread "Thread-153087" [_thread_blocked, id=1454940, stack(0x0000002899800000,0x0000002899900000)]
  0x000000282220b800 JavaThread "Thread-153086" [_thread_blocked, id=1454936, stack(0x0000002899700000,0x0000002899800000)]
  0x0000002822207000 JavaThread "Thread-153085" [_thread_blocked, id=1454932, stack(0x0000002899600000,0x0000002899700000)]
  0x000000282220b000 JavaThread "Thread-153084" [_thread_blocked, id=1454928, stack(0x0000002899500000,0x0000002899600000)]
  0x00000028221fd800 JavaThread "Thread-153083" [_thread_blocked, id=1454924, stack(0x0000002899400000,0x0000002899500000)]
  0x0000002822204000 JavaThread "Thread-153082" [_thread_blocked, id=1454920, stack(0x0000002899300000,0x0000002899400000)]
  0x0000002822203800 JavaThread "Thread-153081" [_thread_blocked, id=1454916, stack(0x0000002899200000,0x0000002899300000)]
  0x0000002822202800 JavaThread "Thread-153080" [_thread_blocked, id=1454912, stack(0x0000002899100000,0x0000002899200000)]
  0x00000028221fb000 JavaThread "Thread-153079" [_thread_blocked, id=1454908, stack(0x0000002899000000,0x0000002899100000)]
  0x00000028221fc000 JavaThread "Thread-153078" [_thread_blocked, id=1454904, stack(0x0000002898f00000,0x0000002899000000)]
  0x0000002822202000 JavaThread "Thread-153077" [_thread_blocked, id=1454900, stack(0x0000002898e00000,0x0000002898f00000)]
  0x00000028221fa800 JavaThread "Thread-153076" [_thread_blocked, id=1454896, stack(0x0000002898d00000,0x0000002898e00000)]
  0x00000028221ff000 JavaThread "Thread-153075" [_thread_blocked, id=1454892, stack(0x0000002898c00000,0x0000002898d00000)]
  0x0000002822201000 JavaThread "Thread-153074" [_thread_blocked, id=1454888, stack(0x0000002898b00000,0x0000002898c00000)]
  0x00000028221fe000 JavaThread "Thread-153073" [_thread_blocked, id=1454884, stack(0x0000002898a00000,0x0000002898b00000)]
  0x00000028221fc800 JavaThread "Thread-153072" [_thread_blocked, id=1454880, stack(0x0000002898900000,0x0000002898a00000)]
  0x00000028221f9800 JavaThread "Thread-153071" [_thread_blocked, id=1454876, stack(0x0000002898800000,0x0000002898900000)]
  0x0000002822200800 JavaThread "Thread-153070" [_thread_blocked, id=1454872, stack(0x0000002898700000,0x0000002898800000)]
  0x00000028221ff800 JavaThread "Thread-153069" [_thread_blocked, id=1454868, stack(0x0000002898600000,0x0000002898700000)]
  0x00000028221f4800 JavaThread "Thread-153068" [_thread_blocked, id=1454864, stack(0x0000002898500000,0x0000002898600000)]
  0x00000028221f8000 JavaThread "Thread-153067" [_thread_blocked, id=1454860, stack(0x0000002898400000,0x0000002898500000)]
  0x00000028221f3000 JavaThread "Thread-153066" [_thread_blocked, id=1454856, stack(0x0000002898300000,0x0000002898400000)]
  0x00000028221f6000 JavaThread "Thread-153065" [_thread_blocked, id=1454852, stack(0x0000002898200000,0x0000002898300000)]
  0x00000028221f2000 JavaThread "Thread-153064" [_thread_blocked, id=1454848, stack(0x0000002898100000,0x0000002898200000)]
  0x00000028221f9000 JavaThread "Thread-153063" [_thread_blocked, id=1454844, stack(0x0000002898000000,0x0000002898100000)]
  0x00000028221f5000 JavaThread "Thread-153062" [_thread_blocked, id=1454840, stack(0x0000002897f00000,0x0000002898000000)]
  0x00000028221f7800 JavaThread "Thread-153061" [_thread_blocked, id=1454836, stack(0x0000002897e00000,0x0000002897f00000)]
  0x00000028221f3800 JavaThread "Thread-153060" [_thread_blocked, id=1454832, stack(0x0000002897d00000,0x0000002897e00000)]
  0x00000028221f6800 JavaThread "Thread-153059" [_thread_blocked, id=1454828, stack(0x0000002897c00000,0x0000002897d00000)]
  0x00000028221ea800 JavaThread "Thread-153058" [_thread_blocked, id=1454824, stack(0x0000002897b00000,0x0000002897c00000)]
  0x00000028221f1800 JavaThread "Thread-153057" [_thread_blocked, id=1454820, stack(0x0000002897a00000,0x0000002897b00000)]
  0x00000028221ea000 JavaThread "Thread-153056" [_thread_blocked, id=1454816, stack(0x0000002897900000,0x0000002897a00000)]
  0x00000028221eb800 JavaThread "Thread-153055" [_thread_blocked, id=1454812, stack(0x0000002897800000,0x0000002897900000)]
  0x00000028221ef000 JavaThread "Thread-153054" [_thread_blocked, id=1454808, stack(0x0000002897700000,0x0000002897800000)]
  0x00000028221f0800 JavaThread "Thread-153053" [_thread_blocked, id=1454804, stack(0x0000002897600000,0x0000002897700000)]
  0x00000028221ee800 JavaThread "Thread-153052" [_thread_blocked, id=1454800, stack(0x0000002897500000,0x0000002897600000)]
  0x00000028221ed800 JavaThread "Thread-153051" [_thread_blocked, id=1454796, stack(0x0000002897400000,0x0000002897500000)]
  0x00000028221ed000 JavaThread "Thread-153050" [_thread_blocked, id=1454792, stack(0x0000002897300000,0x0000002897400000)]
  0x00000028221e9000 JavaThread "Thread-153049" [_thread_blocked, id=1454788, stack(0x0000002897200000,0x0000002897300000)]
  0x00000028221ec000 JavaThread "Thread-153048" [_thread_blocked, id=1454784, stack(0x0000002897100000,0x0000002897200000)]
  0x00000028221f0000 JavaThread "Thread-153047" [_thread_blocked, id=1454780, stack(0x0000002897000000,0x0000002897100000)]
  0x00000028221e8800 JavaThread "Thread-153046" [_thread_blocked, id=1454776, stack(0x0000002896f00000,0x0000002897000000)